Reading supercells...
Initializing random supercells...
Initialization done.
Objective_function= -1.976389
Correlations_mismatch= 	-0.027778	-0.027778	-0.020833	0.000000	0.041667
Objective_function= -2.364214
Correlations_mismatch= 	0.000000	0.083333	-0.069444	0.055556	-0.041667
Objective_function= -2.379491
Correlations_mismatch= 	0.000000	0.055556	-0.041667	0.013889	-0.062500
Objective_function= -2.380880
Correlations_mismatch= 	0.000000	-0.055556	0.000000	-0.069444	0.041667
Objective_function= -2.770557
Correlations_mismatch= 	0.000000	-0.083333	-0.006944	-0.083333	0.000000
Objective_function= -2.800649
Correlations_mismatch= 	0.000000	-0.083333	0.000000	0.000000	0.000000
Objective_function= -3.450213
Correlations_mismatch= 	0.000000	0.000000	-0.013889	0.013889	0.000000
Objective_function= -3.958333
Correlations_mismatch= 	0.000000	0.000000	0.000000	-0.041667	0.000000
Objective_function= -3.986111
Correlations_mismatch= 	0.000000	0.000000	0.000000	0.013889	0.000000
