LOBSTER v4.0.0 (g++ 5.4.0)
Copyright (C) 2020 by Chair of Solid-State and Quantum Chemistry, RWTH Aachen.
All rights reserved. Contributions by S. Maintz, V. L. Deringer, M. Esser, R. Nelson, C. Ertural, A. L. Tchougreeff and R. Dronskowski
starting on host cn7561 on 2022-03-14 at 21:20:54 CST using 24 threads
detecting used PAW program... VASP
initializing PW system...
initializing Augmentations...
recommended basis functions:
Fe 3d 4s 
H 1s 
Ni 3d 4s 
O 2p 2s 
initializing LCAO system...
setting up local basis functions...
 H (pbeVaspFit2015) 1s 
 O (pbeVaspFit2015) 2s 2p_y 2p_z 2p_x 
Fe (pbeVaspFit2015) 4s 3d_xy 3d_yz 3d_z^2 3d_xz 3d_x^2-y^2 
Ni (pbeVaspFit2015) 4s 3d_xy 3d_yz 3d_z^2 3d_xz 3d_x^2-y^2 
INFO: There are more PAW bands than local basis functions available.
INFO: To prevent trouble in orthonormalization and Hamiltonian reconstruction
INFO: the PAW bands from 406 and upwards will be ignored.
setting up CO interactions... found 1 interaction.
projecting...
0%   10   20   30   40   50   60   70   80   90   100%
|----|----|----|----|----|----|----|----|----|----|
***************************************************

calculating overlaps...
post-processing projection...
spillings for spin channel 1
abs. total  spilling:   7.06%
abs. charge spilling:   2.46%

spillings for spin channel 2
abs. total  spilling:   7.68%
abs. charge spilling:   4.30%

calculating pDOS...
writing DOSCAR.lobster...
0%   10   20   30   40   50   60   70   80   90   100%
|----|----|----|----|----|----|----|----|----|----|
***************************************************

0%   10   20   30   40   50   60   70   80   90   100%
|----|----|----|----|----|----|----|----|----|----|
***************************************************

writing COOPCAR.lobster and ICOOPLIST.lobster...
0%   10   20   30   40   50   60   70   80   90   100%
|----|----|----|----|----|----|----|----|----|----|
***************************************************

calculating pCOHPs...
writing COHPCAR.lobster and ICOHPLIST.lobster...
0%   10   20   30   40   50   60   70   80   90   100%
|----|----|----|----|----|----|----|----|----|----|
***************************************************

writing CHARGE.lobster and GROSSPOP.lobster...
finished in 0 h 26 min 16 s 213 ms of wall time
            4 h 27 min 19 s 490 ms of user time
            5 h 16 min 14 s 230 ms of sys  time
