LOBSTER v4.0.0 (g++ 5.4.0)
Copyright (C) 2020 by Chair of Solid-State and Quantum Chemistry, RWTH Aachen.
All rights reserved. Contributions by S. Maintz, V. L. Deringer, M. Esser, R. Nelson, C. Ertural, A. L. Tchougreeff and R. Dronskowski
starting on host cn7735 on 2022-03-14 at 21:37:51 CST using 24 threads
detecting used PAW program... VASP
initializing PW system...
initializing Augmentations...
recommended basis functions:
Fe 3d 4s 
H 1s 
O 2p 2s 
initializing LCAO system...
setting up local basis functions...
 H (pbeVaspFit2015) 1s 
 O (pbeVaspFit2015) 2s 2p_y 2p_z 2p_x 
Fe (pbeVaspFit2015) 4s 3d_xy 3d_yz 3d_z^2 3d_xz 3d_x^2-y^2 
INFO: There are more PAW bands than local basis functions available.
INFO: To prevent trouble in orthonormalization and Hamiltonian reconstruction
INFO: the PAW bands from 406 and upwards will be ignored.
setting up CO interactions... found 3 interactions.
projecting...
0%   10   20   30   40   50   60   70   80   90   100%
|----|----|----|----|----|----|----|----|----|----|
***************************************************

calculating overlaps...
post-processing projection...
WARNING: 3 of 18 k-points could not be orthonormalized with an accuracy of 1.0E-5.
WARNING: Generally, this is not a critical error. But to help you analyze it,
WARNING: I dumped the band overlap matrices to the file bandOverlaps.lobster.
WARNING: Please check how much they deviate from the identity matrix and decide to
WARNING: use your results only, if you are sure that this is ok.

spillings for spin channel 1
abs. total  spilling:   7.13%
abs. charge spilling:   2.30%

spillings for spin channel 2
abs. total  spilling:   8.61%
abs. charge spilling:   7.07%

calculating pDOS...
writing DOSCAR.lobster...
0%   10   20   30   40   50   60   70   80   90   100%
|----|----|----|----|----|----|----|----|----|----|
***************************************************

0%   10   20   30   40   50   60   70   80   90   100%
|----|----|----|----|----|----|----|----|----|----|
***************************************************

writing COOPCAR.lobster and ICOOPLIST.lobster...
0%   10   20   30   40   50   60   70   80   90   100%
|----|----|----|----|----|----|----|----|----|----|
***************************************************

calculating pCOHPs...
writing COHPCAR.lobster and ICOHPLIST.lobster...
0%   10   20   30   40   50   60   70   80   90   100%
|----|----|----|----|----|----|----|----|----|----|
***************************************************

writing CHARGE.lobster and GROSSPOP.lobster...
finished in 0 h 23 min 12 s 175 ms of wall time
            4 h 26 min  1 s 200 ms of user time
            4 h  5 min 44 s  60 ms of sys  time
